<?xml version="1.0" encoding="UTF-8"?>
<testsuite name="co.com.parqueadero.validaciones.general.ValidadorArgumentoTest" tests="3" skipped="0" failures="0" errors="0" timestamp="2019-05-30T18:08:03" hostname="DONALD-TORRES" time="0.043">
  <properties/>
  <testcase name="validarNoNegativoCuandoEsNegativo" classname="co.com.parqueadero.validaciones.general.ValidadorArgumentoTest" time="0.04"/>
  <testcase name="validarObligatorioCuandoEsNulo" classname="co.com.parqueadero.validaciones.general.ValidadorArgumentoTest" time="0.001"/>
  <testcase name="validadorStringNoVacioCuandoEsNulo" classname="co.com.parqueadero.validaciones.general.ValidadorArgumentoTest" time="0.0"/>
  <system-out><![CDATA[]]></system-out>
  <system-err><![CDATA[]]></system-err>
</testsuite>
