<?xml version="1.0" encoding="UTF-8"?>
<testsuite name="co.com.parqueadero.validaciones.general.ValidadorArgumentoTest" tests="3" skipped="0" failures="0" errors="0" timestamp="2019-06-04T00:55:58" hostname="donald-Lenovo-ideapad-320-15ABR" time="0.054">
  <properties/>
  <testcase name="validarNoNegativoCuandoEsNegativo" classname="co.com.parqueadero.validaciones.general.ValidadorArgumentoTest" time="0.047"/>
  <testcase name="validarObligatorioCuandoEsNulo" classname="co.com.parqueadero.validaciones.general.ValidadorArgumentoTest" time="0.0"/>
  <testcase name="validadorStringNoVacioCuandoEsNulo" classname="co.com.parqueadero.validaciones.general.ValidadorArgumentoTest" time="0.005"/>
  <system-out><![CDATA[]]></system-out>
  <system-err><![CDATA[]]></system-err>
</testsuite>
