<?xml version="1.0" encoding="UTF-8"?>
<testsuite name="co.com.parqueadero.validaciones.general.ValidadorArgumentoTest" tests="3" skipped="0" failures="0" errors="0" timestamp="2019-06-04T13:09:56" hostname="DONALD-TORRES" time="0.073">
  <properties/>
  <testcase name="validarNoNegativoCuandoEsNegativo" classname="co.com.parqueadero.validaciones.general.ValidadorArgumentoTest" time="0.063"/>
  <testcase name="validarObligatorioCuandoEsNulo" classname="co.com.parqueadero.validaciones.general.ValidadorArgumentoTest" time="0.004"/>
  <testcase name="validadorStringNoVacioCuandoEsNulo" classname="co.com.parqueadero.validaciones.general.ValidadorArgumentoTest" time="0.001"/>
  <system-out><![CDATA[]]></system-out>
  <system-err><![CDATA[]]></system-err>
</testsuite>
