<?xml version="1.0" encoding="UTF-8"?>
<testsuite name="co.com.parqueadero.servicios.LiquidacionMotoTest" tests="5" skipped="0" failures="0" errors="0" timestamp="2019-06-04T13:10:04" hostname="DONALD-TORRES" time="0.088">
  <properties/>
  <testcase name="cuandoNoExisteVehiculoALiquidar" classname="co.com.parqueadero.servicios.LiquidacionMotoTest" time="0.061"/>
  <testcase name="cuandoSeLiquidaCorrectamenteCilindrajeMayorDe500" classname="co.com.parqueadero.servicios.LiquidacionMotoTest" time="0.004"/>
  <testcase name="cuandoNoExisteVehiculoALiquidarMensaje" classname="co.com.parqueadero.servicios.LiquidacionMotoTest" time="0.002"/>
  <testcase name="cuandoSeLiquidaCorrectamenteMayor24Horas" classname="co.com.parqueadero.servicios.LiquidacionMotoTest" time="0.013"/>
  <testcase name="cuandoSeLiquidaCorrectamenteMenorDeNueveHoras" classname="co.com.parqueadero.servicios.LiquidacionMotoTest" time="0.005"/>
  <system-out><![CDATA[]]></system-out>
  <system-err><![CDATA[]]></system-err>
</testsuite>
