<?xml version="1.0" encoding="UTF-8"?>
<testsuite name="co.com.parqueadero.servicios.RegistrarCarroTest" tests="12" skipped="0" failures="0" errors="0" timestamp="2019-06-04T01:04:13" hostname="donald-Lenovo-ideapad-320-15ABR" time="0.65">
  <properties/>
  <testcase name="ejecutarExitosoCuandoNoExistePlacaRegistrada" classname="co.com.parqueadero.servicios.RegistrarCarroTest" time="0.491"/>
  <testcase name="ejecutarExitosoCuandoSiExistePlacaRegistradaValidarExcepcion" classname="co.com.parqueadero.servicios.RegistrarCarroTest" time="0.003"/>
  <testcase name="ejecutarExitosoCuandoNoExistePlacaRegistradaYLaPlacaEmpiezaPorAYNoEsNiLunesNiDomingo" classname="co.com.parqueadero.servicios.RegistrarCarroTest" time="0.011"/>
  <testcase name="ejecutarExitosoCuandoNoExistePlacaRegistradaYLaPlacaEmpiezaPorAYNoEsLunesExcepcionMensaje" classname="co.com.parqueadero.servicios.RegistrarCarroTest" time="0.01"/>
  <testcase name="ejecutarExitosoCuandoNoExistePlacaRegistradaYLaPlacaEmpiezaPorAYNoEsLunesExcepcion" classname="co.com.parqueadero.servicios.RegistrarCarroTest" time="0.003"/>
  <testcase name="ejecutarExitosoCuandoNoExistePlacaRegistradaYLaPlacaEmpiezaPorAYEsLunes" classname="co.com.parqueadero.servicios.RegistrarCarroTest" time="0.004"/>
  <testcase name="ejecutarExitosoCuandoCantidadIngresadaValidarExcepcionMensaje" classname="co.com.parqueadero.servicios.RegistrarCarroTest" time="0.019"/>
  <testcase name="ejecutarExitosoCuandoNoExistePlacaRegistradaYLaPlacaEmpiezaPorAYEsDomingo" classname="co.com.parqueadero.servicios.RegistrarCarroTest" time="0.023"/>
  <testcase name="ejecutarExitosoCuandoSiExistePlacaRegistradaValidarExcepcionMensaje" classname="co.com.parqueadero.servicios.RegistrarCarroTest" time="0.012"/>
  <testcase name="ejecutarExitosoCuandoNoExistePlacaRegistradaYLaPlacaEmpiezaPorAYEsDomingoYminusculaLaPrimeraLetra" classname="co.com.parqueadero.servicios.RegistrarCarroTest" time="0.016"/>
  <testcase name="ejecutarExitosoCuandoCantidadIngresadaValidarExcepcion" classname="co.com.parqueadero.servicios.RegistrarCarroTest" time="0.017"/>
  <testcase name="ejecutarExitosoCuandoNoExistePlacaRegistradaYLaPlacaEmpiezaDiferenteDeAYNoEsNiDomingoNiLunes" classname="co.com.parqueadero.servicios.RegistrarCarroTest" time="0.01"/>
  <system-out><![CDATA[]]></system-out>
  <system-err><![CDATA[]]></system-err>
</testsuite>
