<?xml version="1.0" encoding="UTF-8"?>
<testsuite name="co.com.parqueadero.servicios.LiquidacionCarroTest" tests="4" skipped="0" failures="0" errors="0" timestamp="2019-06-03T15:41:19" hostname="donald-Lenovo-ideapad-320-15ABR" time="0.063">
  <properties/>
  <testcase name="cuandoNoExisteVehiculoALiquidar" classname="co.com.parqueadero.servicios.LiquidacionCarroTest" time="0.05"/>
  <testcase name="cuandoNoExisteVehiculoALiquidarMensaje" classname="co.com.parqueadero.servicios.LiquidacionCarroTest" time="0.002"/>
  <testcase name="cuandoSeLiquidaCorrectamenteMayor24Horas" classname="co.com.parqueadero.servicios.LiquidacionCarroTest" time="0.004"/>
  <testcase name="cuandoSeLiquidaCorrectamenteMenorDeNueveHoras" classname="co.com.parqueadero.servicios.LiquidacionCarroTest" time="0.004"/>
  <system-out><![CDATA[]]></system-out>
  <system-err><![CDATA[]]></system-err>
</testsuite>
