<?xml version="1.0" encoding="UTF-8"?>
<testsuite name="co.com.parqueadero.servicios.ConsultarDatosMotoTest" tests="1" skipped="0" failures="0" errors="0" timestamp="2019-06-04T13:10:03" hostname="DONALD-TORRES" time="0.055">
  <properties/>
  <testcase name="consultarDatosMotoExitoso" classname="co.com.parqueadero.servicios.ConsultarDatosMotoTest" time="0.055"/>
  <system-out><![CDATA[]]></system-out>
  <system-err><![CDATA[]]></system-err>
</testsuite>
