<?xml version="1.0" encoding="UTF-8"?>
<testsuite name="co.com.parqueadero.servicios.RegistrarMotoTest" tests="12" skipped="0" failures="0" errors="0" timestamp="2019-06-04T01:04:14" hostname="donald-Lenovo-ideapad-320-15ABR" time="0.251">
  <properties/>
  <testcase name="ejecutarExitosoCuandoNoExistePlacaRegistrada" classname="co.com.parqueadero.servicios.RegistrarMotoTest" time="0.149"/>
  <testcase name="ejecutarExitosoCuandoSiExistePlacaRegistradaValidarExcepcion" classname="co.com.parqueadero.servicios.RegistrarMotoTest" time="0.004"/>
  <testcase name="ejecutarExitosoCuandoSiMaximoCuposValidarExcepcionMensaje" classname="co.com.parqueadero.servicios.RegistrarMotoTest" time="0.012"/>
  <testcase name="ejecutarExitosoCuandoNoExistePlacaRegistradaYLaPlacaEmpiezaPorAYNoEsNiLunesNiDomingo" classname="co.com.parqueadero.servicios.RegistrarMotoTest" time="0.014"/>
  <testcase name="ejecutarExitosoCuandoNoExistePlacaRegistradaYLaPlacaEmpiezaPorAYNoEsLunesExcepcionMensaje" classname="co.com.parqueadero.servicios.RegistrarMotoTest" time="0.012"/>
  <testcase name="ejecutarExitosoCuandoSiMaximoCuposValidarExcepcion" classname="co.com.parqueadero.servicios.RegistrarMotoTest" time="0.004"/>
  <testcase name="ejecutarExitosoCuandoNoExistePlacaRegistradaYLaPlacaEmpiezaPorAYNoEsLunesExcepcion" classname="co.com.parqueadero.servicios.RegistrarMotoTest" time="0.005"/>
  <testcase name="ejecutarExitosoCuandoNoExistePlacaRegistradaYLaPlacaEmpiezaPorAYEsLunes" classname="co.com.parqueadero.servicios.RegistrarMotoTest" time="0.009"/>
  <testcase name="ejecutarExitosoCuandoNoExistePlacaRegistradaYLaPlacaEmpiezaPorAYEsDomingo" classname="co.com.parqueadero.servicios.RegistrarMotoTest" time="0.004"/>
  <testcase name="ejecutarExitosoCuandoSiExistePlacaRegistradaValidarExcepcionMensaje" classname="co.com.parqueadero.servicios.RegistrarMotoTest" time="0.004"/>
  <testcase name="ejecutarExitosoCuandoNoExistePlacaRegistradaYLaPlacaEmpiezaPorAYEsDomingoYminusculaLaPrimeraLetra" classname="co.com.parqueadero.servicios.RegistrarMotoTest" time="0.007"/>
  <testcase name="ejecutarExitosoCuandoNoExistePlacaRegistradaYLaPlacaEmpiezaDiferenteDeAYNoEsNiDomingoNiLunes" classname="co.com.parqueadero.servicios.RegistrarMotoTest" time="0.008"/>
  <system-out><![CDATA[]]></system-out>
  <system-err><![CDATA[]]></system-err>
</testsuite>
