<?xml version="1.0" encoding="UTF-8"?>
<testsuite name="co.com.parqueadero.servicios.RegistrarCarroTest" tests="12" skipped="0" failures="0" errors="0" timestamp="2019-06-04T13:10:04" hostname="DONALD-TORRES" time="0.177">
  <properties/>
  <testcase name="ejecutarExitosoCuandoNoExistePlacaRegistrada" classname="co.com.parqueadero.servicios.RegistrarCarroTest" time="0.137"/>
  <testcase name="ejecutarExitosoCuandoSiExistePlacaRegistradaValidarExcepcion" classname="co.com.parqueadero.servicios.RegistrarCarroTest" time="0.003"/>
  <testcase name="ejecutarExitosoCuandoNoExistePlacaRegistradaYLaPlacaEmpiezaPorAYNoEsNiLunesNiDomingo" classname="co.com.parqueadero.servicios.RegistrarCarroTest" time="0.004"/>
  <testcase name="ejecutarExitosoCuandoNoExistePlacaRegistradaYLaPlacaEmpiezaPorAYNoEsLunesExcepcionMensaje" classname="co.com.parqueadero.servicios.RegistrarCarroTest" time="0.002"/>
  <testcase name="ejecutarExitosoCuandoNoExistePlacaRegistradaYLaPlacaEmpiezaPorAYNoEsLunesExcepcion" classname="co.com.parqueadero.servicios.RegistrarCarroTest" time="0.002"/>
  <testcase name="ejecutarExitosoCuandoNoExistePlacaRegistradaYLaPlacaEmpiezaPorAYEsLunes" classname="co.com.parqueadero.servicios.RegistrarCarroTest" time="0.01"/>
  <testcase name="ejecutarExitosoCuandoCantidadIngresadaValidarExcepcionMensaje" classname="co.com.parqueadero.servicios.RegistrarCarroTest" time="0.002"/>
  <testcase name="ejecutarExitosoCuandoNoExistePlacaRegistradaYLaPlacaEmpiezaPorAYEsDomingo" classname="co.com.parqueadero.servicios.RegistrarCarroTest" time="0.002"/>
  <testcase name="ejecutarExitosoCuandoSiExistePlacaRegistradaValidarExcepcionMensaje" classname="co.com.parqueadero.servicios.RegistrarCarroTest" time="0.002"/>
  <testcase name="ejecutarExitosoCuandoNoExistePlacaRegistradaYLaPlacaEmpiezaPorAYEsDomingoYminusculaLaPrimeraLetra" classname="co.com.parqueadero.servicios.RegistrarCarroTest" time="0.003"/>
  <testcase name="ejecutarExitosoCuandoCantidadIngresadaValidarExcepcion" classname="co.com.parqueadero.servicios.RegistrarCarroTest" time="0.002"/>
  <testcase name="ejecutarExitosoCuandoNoExistePlacaRegistradaYLaPlacaEmpiezaDiferenteDeAYNoEsNiDomingoNiLunes" classname="co.com.parqueadero.servicios.RegistrarCarroTest" time="0.002"/>
  <system-out><![CDATA[]]></system-out>
  <system-err><![CDATA[]]></system-err>
</testsuite>
