<?xml version="1.0" encoding="UTF-8"?>
<testsuite name="co.com.parqueadero.servicios.LiquidacionMotoTest" tests="5" skipped="0" failures="0" errors="0" timestamp="2019-06-04T01:04:09" hostname="donald-Lenovo-ideapad-320-15ABR" time="4.31">
  <properties/>
  <testcase name="cuandoNoExisteVehiculoALiquidar" classname="co.com.parqueadero.servicios.LiquidacionMotoTest" time="4.203"/>
  <testcase name="cuandoSeLiquidaCorrectamenteCilindrajeMayorDe500" classname="co.com.parqueadero.servicios.LiquidacionMotoTest" time="0.066"/>
  <testcase name="cuandoNoExisteVehiculoALiquidarMensaje" classname="co.com.parqueadero.servicios.LiquidacionMotoTest" time="0.014"/>
  <testcase name="cuandoSeLiquidaCorrectamenteMayor24Horas" classname="co.com.parqueadero.servicios.LiquidacionMotoTest" time="0.009"/>
  <testcase name="cuandoSeLiquidaCorrectamenteMenorDeNueveHoras" classname="co.com.parqueadero.servicios.LiquidacionMotoTest" time="0.011"/>
  <system-out><![CDATA[20:04:12.852 [Test worker] DEBUG reactor.util.Loggers$LoggerFactory - Using Slf4j logging framework
]]></system-out>
  <system-err><![CDATA[]]></system-err>
</testsuite>
