<?xml version="1.0" encoding="UTF-8"?>
<testsuite name="co.com.parqueadero.servicios.LiquidacionMotoTest" tests="5" skipped="0" failures="0" errors="0" timestamp="2019-06-03T15:41:16" hostname="donald-Lenovo-ideapad-320-15ABR" time="2.535">
  <properties/>
  <testcase name="cuandoNoExisteVehiculoALiquidar" classname="co.com.parqueadero.servicios.LiquidacionMotoTest" time="2.501"/>
  <testcase name="cuandoSeLiquidaCorrectamenteCilindrajeMayorDe500" classname="co.com.parqueadero.servicios.LiquidacionMotoTest" time="0.02"/>
  <testcase name="cuandoNoExisteVehiculoALiquidarMensaje" classname="co.com.parqueadero.servicios.LiquidacionMotoTest" time="0.003"/>
  <testcase name="cuandoSeLiquidaCorrectamenteMayor24Horas" classname="co.com.parqueadero.servicios.LiquidacionMotoTest" time="0.004"/>
  <testcase name="cuandoSeLiquidaCorrectamenteMenorDeNueveHoras" classname="co.com.parqueadero.servicios.LiquidacionMotoTest" time="0.004"/>
  <system-out><![CDATA[10:41:19.028 [Test worker] DEBUG reactor.util.Loggers$LoggerFactory - Using Slf4j logging framework
]]></system-out>
  <system-err><![CDATA[]]></system-err>
</testsuite>
