<?xml version="1.0" encoding="UTF-8"?>
<testsuite name="co.com.parqueadero.servicios.LiquidacionCarroTest" tests="4" skipped="0" failures="0" errors="0" timestamp="2019-06-04T13:10:03" hostname="DONALD-TORRES" time="0.854">
  <properties/>
  <testcase name="cuandoNoExisteVehiculoALiquidar" classname="co.com.parqueadero.servicios.LiquidacionCarroTest" time="0.819"/>
  <testcase name="cuandoNoExisteVehiculoALiquidarMensaje" classname="co.com.parqueadero.servicios.LiquidacionCarroTest" time="0.015"/>
  <testcase name="cuandoSeLiquidaCorrectamenteMayor24Horas" classname="co.com.parqueadero.servicios.LiquidacionCarroTest" time="0.007"/>
  <testcase name="cuandoSeLiquidaCorrectamenteMenorDeNueveHoras" classname="co.com.parqueadero.servicios.LiquidacionCarroTest" time="0.009"/>
  <system-out><![CDATA[]]></system-out>
  <system-err><![CDATA[]]></system-err>
</testsuite>
